<?xml version="1.0" encoding="UTF-8"?>
<!-- Generated by org.testng.reporters.JUnitReportReporter -->
<testsuite hostname="TYSS-Manoj" failures="0" tests="1" name="com.TestScripts.TS001_GetTheSearchedHindiBookNamePriceRatingInSeleniumWedAutomation" time="16.103" errors="0" timestamp="2024-06-20T00:48:29 IST" skipped="0">
  <testcase classname="com.TestScripts.TS001_GetTheSearchedHindiBookNamePriceRatingInSeleniumWedAutomation" name="get_All_The_BooksName_Price_Review_In_Product_List_Page" time="16.103"/>
</testsuite> <!-- com.TestScripts.TS001_GetTheSearchedHindiBookNamePriceRatingInSeleniumWedAutomation -->
