<?xml version="1.0" encoding="UTF-8"?>
<!-- Generated by org.testng.reporters.JUnitReportReporter -->
<testsuite hostname="TYSS-Manoj" failures="0" tests="1" name="com.TestScripts.TS002_GetTheDataOfProductListPageFromScreenshotUsingAppium" time="0.000" errors="0" timestamp="2024-06-20T00:54:43 IST" skipped="1">
  <testcase classname="com.TestScripts.TS002_GetTheDataOfProductListPageFromScreenshotUsingAppium" name="GetTheScreenShotOfTheProductListPage" time="0.000">
    <skipped/>
  </testcase> <!-- GetTheScreenShotOfTheProductListPage -->
</testsuite> <!-- com.TestScripts.TS002_GetTheDataOfProductListPageFromScreenshotUsingAppium -->
